<?xml version="1.0" encoding="UTF-8"?>
<!-- Generated by org.testng.reporters.JUnitXMLReporter -->
<testsuite ignored="0" hostname="DESKTOP-VNHAE9G" failures="0" tests="3" name="Default test" time="12.949" errors="0" timestamp="10 Aug 2020 17:21:39 GMT">
  <testcase classname="com.Suite1.AutomateUserValidation" name="getUserList" time="8.644"/>
  <testcase classname="com.Suite1.AutomateUserValidation" name="getUser" time="0.329"/>
  <testcase classname="com.Suite1.AutomateUserValidation" name="getUser" time="0.814"/>
</testsuite> <!-- Default test -->
